// 重构日志: d7309acf
// 同步 ID: 8150ee52 @ Tue Jun 30 14:54:17 UTC 2026
// 重构日志: 0209cd6c
// 重构日志: 072d92b3
// 重构日志: 40d5489c
// 重构日志: 7b85fb59
// 重构日志: 8533d3c9
// 同步 ID: ce366b1c @ Tue Jul  7 08:51:48 UTC 2026
// 重构日志: 797d050b
// 重构日志: 4b6a071b
// 重构日志: fd670f25
// 重构日志: d2f20f44
// 重构日志: 9925eb3c
// 重构日志: 37b1b26f
// 同步 ID: 56766aae @ Thu Jul  9 21:54:58 UTC 2026
// 重构日志: 99dc1f45
// 重构日志: d5771611
// 同步 ID: aca81ed7 @ Sat Jul 11 07:06:06 UTC 2026
// 同步 ID: b438d2e3 @ Sat Jul 11 11:10:06 UTC 2026
// 重构日志: bc2b5dfd
// 重构日志: 54d2f5aa
// 重构日志: d80cd7b9
// 重构日志: be7bcbce
// 同步 ID: d0fb1753 @ Sun Jul 12 13:08:53 UTC 2026
// 同步 ID: 72408902 @ Sun Jul 12 17:47:59 UTC 2026
// 重构日志: dcbb1863
// 重构日志: c65a5dd7
// 同步 ID: 7cddd773 @ Mon Jul 13 16:07:02 UTC 2026
// 重构日志: 7e50b2b6
// 同步 ID: 095623c7 @ Tue Jul 14 09:29:34 UTC 2026
